
Starting:    C:\Microsemi\Libero_v11.0\Synopsys\synplify_G201209MSP1\win64\mbin\synplify.exe
Install:     C:\Microsemi\Libero_v11.0\Synopsys\synplify_G201209MSP1
Date:        Thu Nov 07 14:04:51 2013
Version:     G-2012.09M-SP1 

Arguments:   -product synplify_pro controller_syn.prj
ProductType: synplify_pro

License checkout: synplifypro_actel
License: synplifypro_actel node-locked 
Licensed Vendor: actel
License Option: actel_oem



log file: "N:\373\controller\synthesis\controller.srr"

Running controller_syn|synthesis
Running Compile on controller_syn|synthesis
Running Compile Process on controller_syn|synthesis
Running Compile Input on controller_syn|synthesis
compiler Completed
Return Code: 0
Run Time:0h:00m:01s

Job Compile Process completed on controller_syn|synthesis
Running Premap on controller_syn|synthesis
premap is up to date. No run necessary
Job Compile completed on controller_syn|synthesis
Running Map on controller_syn|synthesis
Running Map & Optimize on controller_syn|synthesis
fpga_mapper is up to date. No run necessary
Job Map completed on controller_syn|synthesis
Job Logic Synthesis completed on controller_syn|synthesis
log file: "N:\373\controller\synthesis\controller.srr"

Running controller_syn|synthesis
Running Compile on controller_syn|synthesis
Running Compile Process on controller_syn|synthesis
Running Compile Input on controller_syn|synthesis
Copied N:\373\controller\synthesis\synwork\controller_compiler.srs to N:\373\controller\synthesis\controller.srs
compiler Completed with warnings
Return Code: 1
Run Time:0h:00m:03s

Job Compile Process completed on controller_syn|synthesis
Running Premap on controller_syn|synthesis
premap Completed with warnings
Return Code: 1
Run Time:0h:00m:04s

Job Compile completed on controller_syn|synthesis
Running Map on controller_syn|synthesis
Running Map & Optimize on controller_syn|synthesis
fpga_mapper Completed with warnings
Return Code: 1
Run Time:0h:00m:25s

Job Map completed on controller_syn|synthesis
Job Logic Synthesis completed on controller_syn|synthesis
exit status=0

License checkin: synplifypro_actel
