Actel Designer Software
Version: 11.0.0.23
Release: v11.0

Info: The design controller.adb was last modified by software version 11.0.0.23.
Opened an existing Libero design controller.adb.
'BA_NAME' set to 'controller_ba'
'IDE_DESIGNERVIEW_NAME' set to 'Impl1'
'IDE_DESIGNERVIEW_COUNT' set to '1'
'IDE_DESIGNERVIEW_REV0' set to 'Impl1'
'IDE_DESIGNERVIEW_REVNUM0' set to '1'
'IDE_DESIGNERVIEW_ROOTDIR' set to 'N:\373\controller\designer'
'IDE_DESIGNERVIEW_LASTREV' set to '1'

 Netlist Reading Time = 0.0 seconds
Imported the file:
   N:\373\controller\synthesis\controller.edn

The Import command succeeded ( 00:00:01 )
=====================================================================
Parameters used to run compile:
===============================

Family      : SmartFusion
Device      : A2F200M3F
Package     : 484 FBGA
Source      : N:\373\controller\synthesis\controller.edn
Format      : EDIF
Topcell     : controller
Speed grade : -1
Temp        : 0:25:85
Voltage     : 1.58:1.50:1.42

Keep Existing Physical Constraints : No
Keep Existing Timing Constraints   : Yes

pdc_abort_on_error                 : Yes
pdc_eco_display_unmatched_objects  : No
pdc_eco_max_warnings               : 10000

demote_globals                     : No
promote_globals                    : No
localclock_max_shared_instances    : 12
localclock_buffer_tree_max_fanout  : 12

combine_register                   : No
delete_buffer_tree                 : No

report_high_fanout_nets_limit      : 10

=====================================================================
Compile starts ...

Warning: Top level port MSS_RESET_N is not connected to any IO pad
Warning: Top level port contRead is not connected to any IO pad

Netlist Optimization Report
===========================

Optimized macros:
  - Dangling net drivers:   0
  - Buffers:                0
  - Inverters:              0
  - Tieoff:                 0
  - Logic combining:        0

    Total macros optimized  0
Error: CMP010: A design must contain at least one net.

There were 1 error(s) and 2 warning(s) in this design.

The Compile command failed ( 00:00:00 )
Error: Failure when executing Tcl script. [ Line 21 ]

The Execute Script command failed ( 00:00:03 )
Warning: The database was closed without a save, modifications are lost
Design closed.

